 0.000252247  13:38:34     [eiger]rank:0 info         tarch::parallel::Node<static>::reserveFreeTag()         assigned message JoinDataBufferPool[vertex] the free tag 1
 0.000399113  13:38:34     [eiger]rank:0 info         tarch::parallel::Node<static>::reserveFreeTag()         assigned message JoinDataBufferPool[cell] the free tag 2
 0.000426769  13:38:34     [eiger]rank:0 info         tarch::parallel::Node<static>::reserveFreeTag()         assigned message JoinDataBufferPool[cell-marker] the free tag 3
 0.0006392    13:38:34     [eiger]rank:0 info         tarch::parallel::Node<static>::reserveFreeTag()         assigned message exahype::mappings::GlobalTimeStepComputation the free tag 4
 0.000669241  13:38:34     [eiger]rank:0 info         tarch::parallel::Node<static>::reserveFreeTag()         assigned message exahype::mappings::NewTimeStep the free tag 5
 0.000704527  13:38:34     [eiger]rank:0 info         tarch::parallel::Node<static>::reserveFreeTag()         assigned message exahype::mappings::SpaceTimePredictor the free tag 6
 0.00237083   13:38:34     [eiger]rank:0 info         exahype::solvers::Plotter::Plotter(...)                 write snapshot to file ./conserved every 0.2 time units with first snapshot at 0. plotter type is vtk::Cartesian::vertices::ascii

(a)
 0.00387287   13:38:34     [eiger]rank:0 info         exahype::solvers::Plotter::Plotter(...)                 write snapshot to file ./seismogram every 0.05 time units with first snapshot at 0. plotter type is probe::ascii

(a)
 0.00729799   info         exahype::tests::c::FinitevolumesMusclTest::testSolutionUpdate() Test FVM MUSCL solutionUpdate
 0.00820637   info         exahype::tests::c::GenericEulerKernelTest::testPDEFluxes() Test PDE-related functions, DIM=3
 0.0082221    info         exahype::tests::c::GenericEulerKernelTest::testSpaceTimePredictorLinear() Test space time predictor linear, ORDER=3, DIM=3
 0.00858092   info         exahype::tests::c::GenericEulerKernelTest::testSpaceTimePredictorNonlinear() Test space time predictor nonlinear, ORDER=3, DIM=3
 0.0089922    info         exahype::tests::c::GenericEulerKernelTest::testVolumeIntegralLinear() Test volume integral linear, ORDER=3, DIM=3
 0.00900626   info         exahype::tests::c::GenericEulerKernelTest::testVolumeIntegralNonlinear() Test volume integral nonlinear, ORDER=3, DIM=3
 0.009058     info         exahype::tests::c::GenericEulerKernelTest::testRiemannSolverLinear() Test Riemann solver linear, ORDER=3, DIM=3
 0.0090723    info         exahype::tests::c::GenericEulerKernelTest::testRiemannSolverNonlinear() Test Riemann solver nonlinear, ORDER=3, DIM=3
 0.00908446   info         exahype::tests::c::GenericEulerKernelTest::testSurfaceIntegralLinear() Test surface integral linear, ORDER=3, DIM=3
 0.00910854   info         exahype::tests::c::GenericEulerKernelTest::testSurfaceIntegralNonlinear() Test surface integral nonlinear, ORDER=3, DIM=3
 0.0091331    info         exahype::tests::c::GenericEulerKernelTest::testFaceUnknownsProjection() Test face unknowns projection operators, ORDER=3, DIM=3
 0.0091424    info         exahype::tests::c::GenericEulerKernelTest::testVolumeUnknownsProjection() Test volume unknowns projection operators, ORDER=3, DIM=3
 0.0136454    info         exahype::tests::c::GenericEulerKernelTest::testEquidistantGridProjection() Test equidistant grid projection, ORDER=2, DIM=2
 0.017097     info         exahype::tests::c::GenericEulerKernelTest::testSolutionUpdate() Test solution update, ORDER=3, DIM=3
 0.0171087    info         exahype::tests::c::ElasticityKernelTest::ElasticityKernelTest::run() ElasticityKernelTest is active
 0.0171165    info         tarch::tests::TreeTestCaseCollection::run()             running test case collection "exahype.tests.c" ...... ok
 0.017128     info         tarch::tests::TreeTestCaseCollection::run()             running test case collection "exahype.tests.solvers" .. ok
 0.0171359    info         tarch::tests::TreeTestCaseCollection::run()             running test case collection "exahype.tests" .... ok
 0.017143     info         tarch::tests::TreeTestCaseCollection::run()             running test case collection "exahype"  ok
 0.0171528    info         tarch::tests::TreeTestCaseCollection::run()             running test case collection "multiscalelinkedcell.tests" .... ok
 0.0171602    info         tarch::tests::TreeTestCaseCollection::run()             running test case collection "multiscalelinkedcell"  ok
 0.0171697    info         tarch::tests::TreeTestCaseCollection::run()             running test case collection "peano.datatraversal.tests" .... ok
 0.0171769    info         tarch::tests::TreeTestCaseCollection::run()             running test case collection "peano.datatraversal"  ok
 0.0172372    info         tarch::tests::TreeTestCaseCollection::run()             running test case collection "peano.grid.tests" .................... ok
 0.0172687    info         tarch::tests::TreeTestCaseCollection::run()             running test case collection "peano.grid"  ok
 0.0173366    info         tarch::tests::TreeTestCaseCollection::run()             running test case collection "peano.heap.tests" .. ok
 0.017343     info         tarch::tests::TreeTestCaseCollection::run()             running test case collection "peano.heap"  ok
 0.0173478    info         tarch::tests::TreeTestCaseCollection::run()             running test case collection "peano"  ok
 0.0173743    info         tarch::tests::TreeTestCaseCollection::run()             running test case collection "tarch.la" ............ ok
 0.0173805    info         tarch::tests::TreeTestCaseCollection::run()             running test case collection "tarch"  ok
 0.0173869    info         tarch::tests::TreeTestCaseCollection::run()             running global test case collection  ok
 0.0175297    info         peano::utils::UserInterface::writeHeader()             
 0.0175548    info         peano::utils::UserInterface::writeHeader()              Application based upon the PDE framework Peano - Release P3
 0.0175607    info         peano::utils::UserInterface::writeHeader()              build: dim=3
 0.0175653    info         peano::utils::UserInterface::writeHeader()              optimisations: d-loop persistent-attributes packed opt-static-subtrees recursion-unrolling 
 0.01757      info         peano::utils::UserInterface::writeHeader()              (C) 2005 - 2016   www.peano-framework.org
 0.017575     info         peano::utils::UserInterface::writeHeader()              processes: 1, threads: 1
 0.0597863    info         exahype::mappings::LoadBalancing::endIteration(State)   memoryUsage    =120 MB
 0.0598311    info         exahype::runners::Runner::runAsMaster()                 grid setup iteration #1, state=(hasRefined:1,hasTriggeredRefinementForNextIteration:0,hasErased:0,hasTriggeredEraseForNextIteration:0,hasChangedVertexOrCellState:1,hasModifiedGridInPreviousIteration:1,isTraversalInverted:1), idle-nodes=1
 0.090452     info         exahype::mappings::LoadBalancing::endIteration(State)   memoryUsage    =120 MB
 0.0904834    info         exahype::runners::Runner::runAsMaster()                 grid setup iteration #2, state=(hasRefined:0,hasTriggeredRefinementForNextIteration:0,hasErased:0,hasTriggeredEraseForNextIteration:0,hasChangedVertexOrCellState:0,hasModifiedGridInPreviousIteration:0,isTraversalInverted:0), idle-nodes=1
 0.11938      info         exahype::mappings::LoadBalancing::endIteration(State)   memoryUsage    =120 MB
 0.119407     info         exahype::runners::Runner::runAsMaster()                 grid setup iteration #3, state=(hasRefined:0,hasTriggeredRefinementForNextIteration:0,hasErased:0,hasTriggeredEraseForNextIteration:0,hasChangedVertexOrCellState:0,hasModifiedGridInPreviousIteration:0,isTraversalInverted:1), idle-nodes=1
 0.148776     info         exahype::mappings::LoadBalancing::endIteration(State)   memoryUsage    =120 MB
 0.148805     info         exahype::runners::Runner::runAsMaster()                 grid setup iteration #4, state=(hasRefined:0,hasTriggeredRefinementForNextIteration:0,hasErased:0,hasTriggeredEraseForNextIteration:0,hasChangedVertexOrCellState:0,hasModifiedGridInPreviousIteration:0,isTraversalInverted:0), idle-nodes=1
 0.148811     info         exahype::runners::Runner::createGrid(Repository)        finished grid setup after 4 iterations
