\BOOKMARK [0][-]{chapter.1}{Introduction}{}% 1
\BOOKMARK [1][-]{section.1.1}{Preliminaries}{chapter.1}% 2
\BOOKMARK [1][-]{section.1.2}{Governing equation}{chapter.1}% 3
\BOOKMARK [0][-]{chapter.2}{An explicit one-step discontinuous Galerkin method for linear advection}{}% 4
\BOOKMARK [1][-]{section.2.1}{Computational mesh and trace operators}{chapter.2}% 5
\BOOKMARK [1][-]{section.2.2}{Discretization of the linear advection problem}{chapter.2}% 6
\BOOKMARK [1][-]{section.2.3}{The local discrete operators}{chapter.2}% 7
\BOOKMARK [2][-]{subsection.2.3.1}{Preliminaries}{section.2.3}% 8
\BOOKMARK [2][-]{subsection.2.3.2}{Mass operator}{section.2.3}% 9
\BOOKMARK [2][-]{subsection.2.3.3}{Volume flux operator}{section.2.3}% 10
\BOOKMARK [2][-]{subsection.2.3.4}{Outflow operator}{section.2.3}% 11
\BOOKMARK [2][-]{subsection.2.3.5}{Inflow vector}{section.2.3}% 12
\BOOKMARK [1][-]{section.2.4}{The non-local discrete normal flux operator}{chapter.2}% 13
\BOOKMARK [1][-]{section.2.5}{Cellwise constant basis functions \(in space\)}{chapter.2}% 14
\BOOKMARK [2][-]{subsection.2.5.1}{Cell updates}{section.2.5}% 15
\BOOKMARK [2][-]{subsection.2.5.2}{Cell updates}{section.2.5}% 16
\BOOKMARK [1][-]{section.2.6}{Mappings}{chapter.2}% 17
\BOOKMARK [0][-]{chapter.3}{Implementation of the cell-wise constant discretization}{}% 18
\BOOKMARK [1][-]{section.3.1}{The four phases of DG methods}{chapter.3}% 19
\BOOKMARK [1][-]{section.3.2}{A more cache-aware ordering of the four phases}{chapter.3}% 20
\BOOKMARK [1][-]{section.3.3}{Lookup of the \(first\) cell description index of the neighbors}{chapter.3}% 21
\BOOKMARK [1][-]{section.3.4}{Grid traversal}{chapter.3}% 22
\BOOKMARK [1][-]{section.3.5}{Next steps}{chapter.3}% 23
\BOOKMARK [0][-]{chapter.4}{Examples}{}% 24
\BOOKMARK [1][-]{section.4.1}{Step-12}{chapter.4}% 25
